#! /opt/homebrew/Cellar/icarus-verilog/11.0/bin/vvp
:ivl_version "11.0 (stable)";
:ivl_delay_selection "TYPICAL";
:vpi_time_precision + 0;
:vpi_module "/opt/homebrew/Cellar/icarus-verilog/11.0/lib/ivl/system.vpi";
:vpi_module "/opt/homebrew/Cellar/icarus-verilog/11.0/lib/ivl/vhdl_sys.vpi";
:vpi_module "/opt/homebrew/Cellar/icarus-verilog/11.0/lib/ivl/vhdl_textio.vpi";
:vpi_module "/opt/homebrew/Cellar/icarus-verilog/11.0/lib/ivl/v2005_math.vpi";
:vpi_module "/opt/homebrew/Cellar/icarus-verilog/11.0/lib/ivl/va_math.vpi";
S_0x130706840 .scope module, "half_subtractor_tb" "half_subtractor_tb" 2 1;
 .timescale 0 0;
v0x13071a820_0 .var "a", 0 0;
v0x13071a8c0_0 .var "b", 0 0;
v0x13071a970_0 .net "borrow", 0 0, L_0x13071acb0;  1 drivers
v0x13071aa40_0 .net "diff", 0 0, L_0x13071aaf0;  1 drivers
E_0x130709a80 .event edge, v0x13071a5b0_0, v0x13071a510_0;
S_0x1307069b0 .scope module, "mysubtractor" "half_subtractor" 2 5, 3 1 0, S_0x130706840;
 .timescale 0 0;
    .port_info 0 /INPUT 1 "a";
    .port_info 1 /INPUT 1 "b";
    .port_info 2 /OUTPUT 1 "diff";
    .port_info 3 /OUTPUT 1 "borrow";
L_0x13071aaf0 .functor XOR 1, v0x13071a820_0, v0x13071a8c0_0, C4<0>, C4<0>;
L_0x13071ac40 .functor NOT 1, v0x13071a820_0, C4<0>, C4<0>, C4<0>;
L_0x13071acb0 .functor AND 1, L_0x13071ac40, v0x13071a8c0_0, C4<1>, C4<1>;
v0x130709820_0 .net *"_ivl_2", 0 0, L_0x13071ac40;  1 drivers
v0x13071a510_0 .net "a", 0 0, v0x13071a820_0;  1 drivers
v0x13071a5b0_0 .net "b", 0 0, v0x13071a8c0_0;  1 drivers
v0x13071a660_0 .net "borrow", 0 0, L_0x13071acb0;  alias, 1 drivers
v0x13071a700_0 .net "diff", 0 0, L_0x13071aaf0;  alias, 1 drivers
    .scope S_0x130706840;
T_0 ;
    %wait E_0x130709a80;
    %vpi_call 2 8 "$display", "A = %d B=%d Diff= %d Borrow = %d", v0x13071a820_0, v0x13071a8c0_0, v0x13071aa40_0, v0x13071a970_0 {0 0 0};
    %jmp T_0;
    .thread T_0, $push;
    .scope S_0x130706840;
T_1 ;
    %pushi/vec4 0, 0, 1;
    %store/vec4 v0x13071a820_0, 0, 1;
    %pushi/vec4 0, 0, 1;
    %store/vec4 v0x13071a8c0_0, 0, 1;
    %delay 10, 0;
    %pushi/vec4 0, 0, 1;
    %store/vec4 v0x13071a820_0, 0, 1;
    %pushi/vec4 1, 0, 1;
    %store/vec4 v0x13071a8c0_0, 0, 1;
    %delay 10, 0;
    %pushi/vec4 1, 0, 1;
    %store/vec4 v0x13071a820_0, 0, 1;
    %pushi/vec4 0, 0, 1;
    %store/vec4 v0x13071a8c0_0, 0, 1;
    %delay 10, 0;
    %pushi/vec4 1, 0, 1;
    %store/vec4 v0x13071a820_0, 0, 1;
    %pushi/vec4 1, 0, 1;
    %store/vec4 v0x13071a8c0_0, 0, 1;
    %vpi_call 2 23 "$finish" {0 0 0};
    %end;
    .thread T_1;
# The file index is used to find the file name in the following table.
:file_names 4;
    "N/A";
    "<interactive>";
    "half_subtractor_tb.v";
    "half_subtractor.v";
