#! /opt/homebrew/Cellar/icarus-verilog/11.0/bin/vvp
:ivl_version "11.0 (stable)";
:ivl_delay_selection "TYPICAL";
:vpi_time_precision + 0;
:vpi_module "/opt/homebrew/Cellar/icarus-verilog/11.0/lib/ivl/system.vpi";
:vpi_module "/opt/homebrew/Cellar/icarus-verilog/11.0/lib/ivl/vhdl_sys.vpi";
:vpi_module "/opt/homebrew/Cellar/icarus-verilog/11.0/lib/ivl/vhdl_textio.vpi";
:vpi_module "/opt/homebrew/Cellar/icarus-verilog/11.0/lib/ivl/v2005_math.vpi";
:vpi_module "/opt/homebrew/Cellar/icarus-verilog/11.0/lib/ivl/va_math.vpi";
S_0x140608d60 .scope module, "dff_tb" "dff_tb" 2 1;
 .timescale 0 0;
v0x14061eef0_0 .var "clk", 0 0;
v0x14061ef90_0 .var "d", 0 0;
v0x14061f040_0 .net "q", 0 0, L_0x14061f1c0;  1 drivers
v0x14061f110_0 .var "rst", 0 0;
S_0x140608ed0 .scope module, "myflipflop" "dff" 2 5, 3 1 0, S_0x140608d60;
 .timescale 0 0;
    .port_info 0 /INPUT 1 "clk";
    .port_info 1 /INPUT 1 "d";
    .port_info 2 /OUTPUT 1 "q";
    .port_info 3 /INPUT 1 "rst";
L_0x14061f1c0 .functor BUFZ 1, v0x14061ed30_0, C4<0>, C4<0>, C4<0>;
v0x140607700_0 .net "clk", 0 0, v0x14061eef0_0;  1 drivers
v0x14061ebe0_0 .net "d", 0 0, v0x14061ef90_0;  1 drivers
v0x14061ec80_0 .net "q", 0 0, L_0x14061f1c0;  alias, 1 drivers
v0x14061ed30_0 .var "q_copy", 0 0;
v0x14061edd0_0 .net "rst", 0 0, v0x14061f110_0;  1 drivers
E_0x140609720/0 .event negedge, v0x14061edd0_0;
E_0x140609720/1 .event posedge, v0x140607700_0;
E_0x140609720 .event/or E_0x140609720/0, E_0x140609720/1;
    .scope S_0x140608ed0;
T_0 ;
    %wait E_0x140609720;
    %load/vec4 v0x14061edd0_0;
    %nor/r;
    %flag_set/vec4 8;
    %jmp/0xz  T_0.0, 8;
    %pushi/vec4 0, 0, 1;
    %assign/vec4 v0x14061ed30_0, 0;
    %jmp T_0.1;
T_0.0 ;
    %load/vec4 v0x14061ebe0_0;
    %assign/vec4 v0x14061ed30_0, 0;
T_0.1 ;
    %jmp T_0;
    .thread T_0;
    .scope S_0x140608d60;
T_1 ;
    %delay 10, 0;
    %load/vec4 v0x14061eef0_0;
    %inv;
    %store/vec4 v0x14061eef0_0, 0, 1;
    %jmp T_1;
    .thread T_1;
    .scope S_0x140608d60;
T_2 ;
    %vpi_call 2 10 "$display", "reset\011clk\011D\011q" {0 0 0};
    %vpi_call 2 11 "$monitor", "%d\011%d\011%d\011%d", v0x14061f110_0, v0x14061eef0_0, v0x14061ef90_0, v0x14061f040_0 {0 0 0};
    %pushi/vec4 0, 0, 1;
    %store/vec4 v0x14061eef0_0, 0, 1;
    %pushi/vec4 0, 0, 1;
    %store/vec4 v0x14061ef90_0, 0, 1;
    %pushi/vec4 0, 0, 1;
    %store/vec4 v0x14061f110_0, 0, 1;
    %delay 5, 0;
    %pushi/vec4 1, 0, 1;
    %store/vec4 v0x14061f110_0, 0, 1;
    %pushi/vec4 6, 0, 32;
T_2.0 %dup/vec4;
    %pushi/vec4 0, 0, 32;
    %cmp/s;
    %jmp/1xz T_2.1, 5;
    %jmp/1 T_2.1, 4;
    %pushi/vec4 1, 0, 32;
    %sub;
    %vpi_func 2 16 "$urandom_range" 32, 32'sb00000000000000000000000000000000, 32'sb00000000000000000000000000000001 {0 0 0};
    %pad/u 1;
    %store/vec4 v0x14061ef90_0, 0, 1;
    %delay 5, 0;
    %jmp T_2.0;
T_2.1 ;
    %pop/vec4 1;
    %pushi/vec4 0, 0, 1;
    %store/vec4 v0x14061f110_0, 0, 1;
    %pushi/vec4 6, 0, 32;
T_2.2 %dup/vec4;
    %pushi/vec4 0, 0, 32;
    %cmp/s;
    %jmp/1xz T_2.3, 5;
    %jmp/1 T_2.3, 4;
    %pushi/vec4 1, 0, 32;
    %sub;
    %vpi_func 2 21 "$urandom_range" 32, 32'sb00000000000000000000000000000000, 32'sb00000000000000000000000000000001 {0 0 0};
    %pad/u 1;
    %store/vec4 v0x14061ef90_0, 0, 1;
    %delay 5, 0;
    %jmp T_2.2;
T_2.3 ;
    %pop/vec4 1;
    %vpi_call 2 24 "$finish" {0 0 0};
    %end;
    .thread T_2;
# The file index is used to find the file name in the following table.
:file_names 4;
    "N/A";
    "<interactive>";
    "dff_tb.v";
    "dff.v";
