#! /opt/homebrew/Cellar/icarus-verilog/11.0/bin/vvp
:ivl_version "11.0 (stable)";
:ivl_delay_selection "TYPICAL";
:vpi_time_precision + 0;
:vpi_module "/opt/homebrew/Cellar/icarus-verilog/11.0/lib/ivl/system.vpi";
:vpi_module "/opt/homebrew/Cellar/icarus-verilog/11.0/lib/ivl/vhdl_sys.vpi";
:vpi_module "/opt/homebrew/Cellar/icarus-verilog/11.0/lib/ivl/vhdl_textio.vpi";
:vpi_module "/opt/homebrew/Cellar/icarus-verilog/11.0/lib/ivl/v2005_math.vpi";
:vpi_module "/opt/homebrew/Cellar/icarus-verilog/11.0/lib/ivl/va_math.vpi";
S_0x15c206290 .scope module, "jk_tb" "jk_tb" 2 1;
 .timescale 0 0;
v0x15c21c640_0 .var/i "a", 31 0;
v0x15c21c700_0 .var "clk", 0 0;
v0x15c21c7a0_0 .var "j", 0 0;
v0x15c21c870_0 .var "k", 0 0;
v0x15c21c920_0 .net "q", 0 0, L_0x15c21c9f0;  1 drivers
S_0x15c206400 .scope module, "myflipflop" "jk" 2 5, 3 1 0, S_0x15c206290;
 .timescale 0 0;
    .port_info 0 /INPUT 1 "j";
    .port_info 1 /INPUT 1 "k";
    .port_info 2 /INPUT 1 "clk";
    .port_info 3 /OUTPUT 1 "q";
L_0x15c21c9f0 .functor BUFZ 1, v0x15c21c520_0, C4<0>, C4<0>, C4<0>;
v0x15c204590_0 .net "clk", 0 0, v0x15c21c700_0;  1 drivers
v0x15c21c330_0 .net "j", 0 0, v0x15c21c7a0_0;  1 drivers
v0x15c21c3d0_0 .net "k", 0 0, v0x15c21c870_0;  1 drivers
v0x15c21c480_0 .net "q", 0 0, L_0x15c21c9f0;  alias, 1 drivers
v0x15c21c520_0 .var "q_copy", 0 0;
E_0x15c206c50 .event posedge, v0x15c204590_0;
    .scope S_0x15c206400;
T_0 ;
    %wait E_0x15c206c50;
    %load/vec4 v0x15c21c330_0;
    %nor/r;
    %load/vec4 v0x15c21c3d0_0;
    %nor/r;
    %and;
    %flag_set/vec4 8;
    %jmp/0xz  T_0.0, 8;
    %load/vec4 v0x15c21c480_0;
    %assign/vec4 v0x15c21c520_0, 0;
    %jmp T_0.1;
T_0.0 ;
    %load/vec4 v0x15c21c330_0;
    %nor/r;
    %load/vec4 v0x15c21c3d0_0;
    %and;
    %flag_set/vec4 8;
    %jmp/0xz  T_0.2, 8;
    %pushi/vec4 0, 0, 1;
    %assign/vec4 v0x15c21c520_0, 0;
    %jmp T_0.3;
T_0.2 ;
    %load/vec4 v0x15c21c330_0;
    %load/vec4 v0x15c21c3d0_0;
    %nor/r;
    %and;
    %flag_set/vec4 8;
    %jmp/0xz  T_0.4, 8;
    %pushi/vec4 1, 0, 1;
    %assign/vec4 v0x15c21c520_0, 0;
    %jmp T_0.5;
T_0.4 ;
    %load/vec4 v0x15c21c480_0;
    %inv;
    %assign/vec4 v0x15c21c520_0, 0;
T_0.5 ;
T_0.3 ;
T_0.1 ;
    %jmp T_0;
    .thread T_0;
    .scope S_0x15c206290;
T_1 ;
    %pushi/vec4 0, 0, 32;
    %store/vec4 v0x15c21c640_0, 0, 32;
T_1.0 ;
    %load/vec4 v0x15c21c640_0;
    %cmpi/s 10, 0, 32;
    %jmp/0xz T_1.1, 5;
    %delay 10, 0;
    %load/vec4 v0x15c21c700_0;
    %inv;
    %store/vec4 v0x15c21c700_0, 0, 1;
    ; show_stmt_assign_vector: Get l-value for compressed += operand
    %load/vec4 v0x15c21c640_0;
    %pushi/vec4 1, 0, 32;
    %add;
    %store/vec4 v0x15c21c640_0, 0, 32;
    %jmp T_1.0;
T_1.1 ;
    %end;
    .thread T_1;
    .scope S_0x15c206290;
T_2 ;
    %vpi_call 2 16 "$display", "J\011K\011CLK\011Q" {0 0 0};
    %vpi_call 2 17 "$monitor", "%d\011%d\011%d\011%d", v0x15c21c7a0_0, v0x15c21c870_0, v0x15c21c700_0, v0x15c21c920_0 {0 0 0};
    %pushi/vec4 1, 0, 1;
    %store/vec4 v0x15c21c700_0, 0, 1;
    %pushi/vec4 0, 0, 1;
    %store/vec4 v0x15c21c7a0_0, 0, 1;
    %pushi/vec4 0, 0, 1;
    %store/vec4 v0x15c21c870_0, 0, 1;
    %delay 10, 0;
    %pushi/vec4 1, 0, 1;
    %store/vec4 v0x15c21c7a0_0, 0, 1;
    %pushi/vec4 1, 0, 1;
    %store/vec4 v0x15c21c870_0, 0, 1;
    %delay 10, 0;
    %pushi/vec4 1, 0, 1;
    %store/vec4 v0x15c21c7a0_0, 0, 1;
    %pushi/vec4 0, 0, 1;
    %store/vec4 v0x15c21c870_0, 0, 1;
    %delay 10, 0;
    %pushi/vec4 0, 0, 1;
    %store/vec4 v0x15c21c7a0_0, 0, 1;
    %pushi/vec4 1, 0, 1;
    %store/vec4 v0x15c21c870_0, 0, 1;
    %end;
    .thread T_2;
# The file index is used to find the file name in the following table.
:file_names 4;
    "N/A";
    "<interactive>";
    "jk_tb.v";
    "jk.v";
