#! /opt/homebrew/Cellar/icarus-verilog/11.0/bin/vvp
:ivl_version "11.0 (stable)";
:ivl_delay_selection "TYPICAL";
:vpi_time_precision + 0;
:vpi_module "/opt/homebrew/Cellar/icarus-verilog/11.0/lib/ivl/system.vpi";
:vpi_module "/opt/homebrew/Cellar/icarus-verilog/11.0/lib/ivl/vhdl_sys.vpi";
:vpi_module "/opt/homebrew/Cellar/icarus-verilog/11.0/lib/ivl/vhdl_textio.vpi";
:vpi_module "/opt/homebrew/Cellar/icarus-verilog/11.0/lib/ivl/v2005_math.vpi";
:vpi_module "/opt/homebrew/Cellar/icarus-verilog/11.0/lib/ivl/va_math.vpi";
S_0x12b706110 .scope module, "up_down_tb" "up_down_tb" 2 1;
 .timescale 0 0;
v0x12b71aea0_0 .var "clk", 0 0;
v0x12b71af40_0 .net "count", 3 0, L_0x12b71b220;  1 drivers
v0x12b71aff0_0 .var/i "i", 31 0;
v0x12b71b0a0_0 .var "rst", 0 0;
v0x12b71b150_0 .var "var", 0 0;
S_0x12b706280 .scope module, "mycounter" "up_down" 2 5, 3 1 0, S_0x12b706110;
 .timescale 0 0;
    .port_info 0 /INPUT 1 "clk";
    .port_info 1 /INPUT 1 "rst";
    .port_info 2 /INPUT 1 "var";
    .port_info 3 /OUTPUT 4 "count";
L_0x12b71b220 .functor BUFZ 4, v0x12b71ac20_0, C4<0000>, C4<0000>, C4<0000>;
v0x12b70ac60_0 .net "clk", 0 0, v0x12b71aea0_0;  1 drivers
v0x12b71ab70_0 .net "count", 3 0, L_0x12b71b220;  alias, 1 drivers
v0x12b71ac20_0 .var "count_ud", 3 0;
v0x12b71ace0_0 .net "rst", 0 0, v0x12b71b0a0_0;  1 drivers
v0x12b71ad80_0 .net "var", 0 0, v0x12b71b150_0;  1 drivers
E_0x12b706be0 .event posedge, v0x12b70ac60_0;
    .scope S_0x12b706280;
T_0 ;
    %wait E_0x12b706be0;
    %load/vec4 v0x12b71ace0_0;
    %flag_set/vec4 8;
    %jmp/0xz  T_0.0, 8;
    %pushi/vec4 0, 0, 4;
    %assign/vec4 v0x12b71ac20_0, 0;
    %jmp T_0.1;
T_0.0 ;
    %load/vec4 v0x12b71ad80_0;
    %inv;
    %flag_set/vec4 8;
    %jmp/0xz  T_0.2, 8;
    %load/vec4 v0x12b71ac20_0;
    %addi 1, 0, 4;
    %assign/vec4 v0x12b71ac20_0, 0;
    %jmp T_0.3;
T_0.2 ;
    %load/vec4 v0x12b71ac20_0;
    %subi 1, 0, 4;
    %assign/vec4 v0x12b71ac20_0, 0;
T_0.3 ;
T_0.1 ;
    %jmp T_0;
    .thread T_0;
    .scope S_0x12b706110;
T_1 ;
    %pushi/vec4 0, 0, 1;
    %store/vec4 v0x12b71aea0_0, 0, 1;
    %pushi/vec4 0, 0, 32;
    %store/vec4 v0x12b71aff0_0, 0, 32;
T_1.0 ;
    %load/vec4 v0x12b71aff0_0;
    %cmpi/s 10, 0, 32;
    %jmp/0xz T_1.1, 5;
    %delay 10, 0;
    %load/vec4 v0x12b71aea0_0;
    %inv;
    %store/vec4 v0x12b71aea0_0, 0, 1;
    ; show_stmt_assign_vector: Get l-value for compressed += operand
    %load/vec4 v0x12b71aff0_0;
    %pushi/vec4 1, 0, 32;
    %add;
    %store/vec4 v0x12b71aff0_0, 0, 32;
    %jmp T_1.0;
T_1.1 ;
    %end;
    .thread T_1;
    .scope S_0x12b706110;
T_2 ;
    %vpi_call 2 14 "$display", "clk\011rst\011count" {0 0 0};
    %vpi_call 2 15 "$monitor", "%d\011%d\011%d", v0x12b71aea0_0, v0x12b71b0a0_0, v0x12b71af40_0 {0 0 0};
    %pushi/vec4 1, 0, 1;
    %store/vec4 v0x12b71b0a0_0, 0, 1;
    %pushi/vec4 0, 0, 1;
    %store/vec4 v0x12b71b150_0, 0, 1;
    %delay 30, 0;
    %pushi/vec4 0, 0, 1;
    %store/vec4 v0x12b71b0a0_0, 0, 1;
    %delay 30, 0;
    %pushi/vec4 1, 0, 1;
    %store/vec4 v0x12b71b150_0, 0, 1;
    %end;
    .thread T_2;
# The file index is used to find the file name in the following table.
:file_names 4;
    "N/A";
    "<interactive>";
    "up_down_tb.v";
    "up_down.v";
